<?xml version="1.0" encoding="UTF-8"?>
<!-- Generated by org.testng.reporters.JUnitReportReporter -->
<testsuite hostname="Gaurav" name="testCases.TC1_InputForm" tests="1" failures="0" timestamp="9 Apr 2017 10:07:59 GMT" time="2.720" errors="0">
  <testcase name="test" time="2.720" classname="testCases.TC1_InputForm"/>
</testsuite> <!-- testCases.TC1_InputForm -->
