<?xml version="1.0" encoding="UTF-8"?>
<!-- Generated by org.testng.reporters.JUnitReportReporter -->
<testsuite hostname="Gaurav" name="testCases.TC1_InputForm" tests="1" failures="0" timestamp="16 Apr 2017 13:55:24 GMT" time="15.121" errors="0">
  <testcase name="bootstrapAlertMessage" time="15.121" classname="testCases.TC1_InputForm"/>
</testsuite> <!-- testCases.TC1_InputForm -->
