<?xml version="1.0" encoding="UTF-8"?>
<!-- Generated by org.testng.reporters.JUnitReportReporter -->
<testsuite skipped="0" hostname="IN00149" name="testCases.TC1_InputForm" tests="1" failures="0" timestamp="3 Jun 2017 03:53:53 GMT" time="2.851" errors="0">
  <testcase name="dataListFilter" time="2.851" classname="testCases.TC1_InputForm"/>
</testsuite> <!-- testCases.TC1_InputForm -->
