<?xml version="1.0" encoding="UTF-8"?>
<!-- Generated by org.testng.reporters.JUnitReportReporter -->
<testsuite skipped="0" hostname="IN00149" name="testCases.TC1_InputForm" tests="1" failures="0" timestamp="2 May 2017 06:41:27 GMT" time="24.179" errors="0">
  <testcase name="testProgressBarDownload" time="24.179" classname="testCases.TC1_InputForm"/>
</testsuite> <!-- testCases.TC1_InputForm -->
