<?xml version="1.0" encoding="UTF-8"?>
<!-- Generated by org.testng.reporters.JUnitReportReporter -->
<testsuite skipped="0" hostname="IN00149" name="testCases.TC1_InputForm" tests="1" failures="0" timestamp="3 May 2017 09:53:13 GMT" time="2.337" errors="0">
  <testcase name="testDragAndDropRangeSliders" time="2.337" classname="testCases.TC1_InputForm"/>
</testsuite> <!-- testCases.TC1_InputForm -->
